<?xml version="1.0" encoding="UTF-8" ?>
<testsuite tests="2" failures="1" name="CucumberTest" time="22.573" errors="0" skipped="0">
  <properties>
    <property name="java.runtime.name" value="Java(TM) SE Runtime Environment"/>
    <property name="sun.boot.library.path" value="C:\Program Files\Java\jdk1.8.0_251\jre\bin"/>
    <property name="java.vm.version" value="25.251-b08"/>
    <property name="java.vm.vendor" value="Oracle Corporation"/>
    <property name="maven.multiModuleProjectDirectory" value="C:\Users\berdinas\IdeaProjects\test-acceptance-v2"/>
    <property name="java.vendor.url" value="http://java.oracle.com/"/>
    <property name="path.separator" value=";"/>
    <property name="guice.disable.misplaced.annotation.check" value="true"/>
    <property name="java.vm.name" value="Java HotSpot(TM) 64-Bit Server VM"/>
    <property name="file.encoding.pkg" value="sun.io"/>
    <property name="user.script" value=""/>
    <property name="user.country" value="AR"/>
    <property name="sun.java.launcher" value="SUN_STANDARD"/>
    <property name="sun.os.patch.level" value=""/>
    <property name="java.vm.specification.name" value="Java Virtual Machine Specification"/>
    <property name="user.dir" value="C:\Users\berdinas\IdeaProjects\test-acceptance-v2"/>
    <property name="java.runtime.version" value="1.8.0_251-b08"/>
    <property name="java.awt.graphicsenv" value="sun.awt.Win32GraphicsEnvironment"/>
    <property name="java.endorsed.dirs" value="C:\Program Files\Java\jdk1.8.0_251\jre\lib\endorsed"/>
    <property name="os.arch" value="amd64"/>
    <property name="java.io.tmpdir" value="C:\Users\berdinas\AppData\Local\Temp\"/>
    <property name="line.separator" value="
"/>
    <property name="java.vm.specification.vendor" value="Oracle Corporation"/>
    <property name="user.variant" value=""/>
    <property name="os.name" value="Windows 10"/>
    <property name="classworlds.conf" value="C:\maven\apache-maven-3.6.3\bin\..\bin\m2.conf"/>
    <property name="sun.jnu.encoding" value="Cp1252"/>
    <property name="java.library.path" value="C:\Program Files\Java\jdk1.8.0_251\bin;C:\Windows\Sun\Java\bin;C:\Windows\system32;C:\Windows;C:\Program Files (x86)\Common Files\Oracle\Java\javapath;C:\Windows\system32;C:\Windows;C:\Windows\System32\Wbem;C:\Windows\System32\WindowsPowerShell\v1.0\;C:\Windows\System32\OpenSSH\;C:\Program Files (x86)\IBM\Client Access\Emulator;C:\Program Files (x86)\IBM\Client Access\Shared;C:\Program Files (x86)\IBM\Client Access\;C:\Program Files (x86)\Sennheiser\SoftphoneSDK\;C:\Program Files\nodejs\;C:\Program Files\Git\cmd;C:\Program Files\Java\jdk1.8.0_251\bin;C:\maven\apache-maven-3.6.3\bin;C:\Users\berdinas\AppData\Local\Microsoft\WindowsApps;;C:\Users\berdinas\AppData\Local\Programs\Microsoft VS Code\bin;C:\Users\berdinas\AppData\Roaming\npm;C:\Program Files\JetBrains\IntelliJ IDEA Community Edition 2020.1\bin;;."/>
    <property name="maven.conf" value="C:\maven\apache-maven-3.6.3\bin\../conf"/>
    <property name="java.specification.name" value="Java Platform API Specification"/>
    <property name="java.class.version" value="52.0"/>
    <property name="sun.management.compiler" value="HotSpot 64-Bit Tiered Compilers"/>
    <property name="os.version" value="10.0"/>
    <property name="library.jansi.path" value="C:\maven\apache-maven-3.6.3\bin\..\lib\jansi-native"/>
    <property name="user.home" value="C:\Users\berdinas"/>
    <property name="user.timezone" value="America/Buenos_Aires"/>
    <property name="java.awt.printerjob" value="sun.awt.windows.WPrinterJob"/>
    <property name="java.specification.version" value="1.8"/>
    <property name="file.encoding" value="Cp1252"/>
    <property name="user.name" value="berdinas"/>
    <property name="java.class.path" value="C:\maven\apache-maven-3.6.3\bin\..\boot\plexus-classworlds-2.6.0.jar"/>
    <property name="java.vm.specification.version" value="1.8"/>
    <property name="sun.arch.data.model" value="64"/>
    <property name="java.home" value="C:\Program Files\Java\jdk1.8.0_251\jre"/>
    <property name="sun.java.command" value="org.codehaus.plexus.classworlds.launcher.Launcher clean test"/>
    <property name="java.specification.vendor" value="Oracle Corporation"/>
    <property name="user.language" value="es"/>
    <property name="awt.toolkit" value="sun.awt.windows.WToolkit"/>
    <property name="java.vm.info" value="mixed mode"/>
    <property name="java.version" value="1.8.0_251"/>
    <property name="java.ext.dirs" value="C:\Program Files\Java\jdk1.8.0_251\jre\lib\ext;C:\Windows\Sun\Java\lib\ext"/>
    <property name="sun.boot.class.path" value="C:\Program Files\Java\jdk1.8.0_251\jre\lib\resources.jar;C:\Program Files\Java\jdk1.8.0_251\jre\lib\rt.jar;C:\Program Files\Java\jdk1.8.0_251\jre\lib\sunrsasign.jar;C:\Program Files\Java\jdk1.8.0_251\jre\lib\jsse.jar;C:\Program Files\Java\jdk1.8.0_251\jre\lib\jce.jar;C:\Program Files\Java\jdk1.8.0_251\jre\lib\charsets.jar;C:\Program Files\Java\jdk1.8.0_251\jre\lib\jfr.jar;C:\Program Files\Java\jdk1.8.0_251\jre\classes"/>
    <property name="sun.stderr.encoding" value="cp850"/>
    <property name="java.vendor" value="Oracle Corporation"/>
    <property name="maven.home" value="C:\maven\apache-maven-3.6.3\bin\.."/>
    <property name="file.separator" value="\"/>
    <property name="java.vendor.url.bug" value="http://bugreport.sun.com/bugreport/"/>
    <property name="sun.cpu.endian" value="little"/>
    <property name="sun.io.unicode.encoding" value="UnicodeLittle"/>
    <property name="sun.stdout.encoding" value="cp850"/>
    <property name="sun.desktop" value="windows"/>
    <property name="sun.cpu.isalist" value="amd64"/>
  </properties>
  <testcase classname="Client sign up" name="client sign up successfully" time="13.725"/>
  <testcase classname="Client sign up" name="client sign up failed" time="8.848">
    <failure message="expected:&lt;[fals]e&gt; but was:&lt;[tru]e&gt;" type="org.junit.ComparisonFailure">org.junit.ComparisonFailure: expected:&lt;[fals]e&gt; but was:&lt;[tru]e&gt;
	at sun.reflect.NativeConstructorAccessorImpl.newInstance0(Native Method)
	at sun.reflect.NativeConstructorAccessorImpl.newInstance(NativeConstructorAccessorImpl.java:62)
	at sun.reflect.DelegatingConstructorAccessorImpl.newInstance(DelegatingConstructorAccessorImpl.java:45)
	at qa.ma.stepdefinitions.SignUpStepDefs.he_should_be_told_that_the_account_was_not_created(SignUpStepDefs.java:50)
	at ✽.he should be told that the account was not created(file:///C:/Users/berdinas/IdeaProjects/test-acceptance-v2/src/test/resources/features/signup.feature:12)
</failure>
    <system-out>
Scenario: client sign up failed                           &amp;#27;[90m# src/test/resources/features/signup.feature:9&amp;#27;[0m
  &amp;#27;[32mGiven &amp;#27;[0m&amp;#27;[32mPepito wants to have an account&amp;#27;[0m                   &amp;#27;[90m# qa.ma.stepdefinitions.SignUpStepDefs.pepito_wants_to_have_an_account()&amp;#27;[0m
  &amp;#27;[32mWhen &amp;#27;[0m&amp;#27;[32mhe sends required information to get the account&amp;#27;[0m   &amp;#27;[90m# qa.ma.stepdefinitions.SignUpStepDefs.he_sends_required_information_to_get_the_account()&amp;#27;[0m
  &amp;#27;[31mThen &amp;#27;[0m&amp;#27;[31mhe should be told that the account was not created&amp;#27;[0m &amp;#27;[90m# qa.ma.stepdefinitions.SignUpStepDefs.he_should_be_told_that_the_account_was_not_created()&amp;#27;[0m
      &amp;#27;[31morg.junit.ComparisonFailure: expected:&lt;[fals]e&gt; but was:&lt;[tru]e&gt;
	at sun.reflect.NativeConstructorAccessorImpl.newInstance0(Native Method)
	at sun.reflect.NativeConstructorAccessorImpl.newInstance(NativeConstructorAccessorImpl.java:62)
	at sun.reflect.DelegatingConstructorAccessorImpl.newInstance(DelegatingConstructorAccessorImpl.java:45)
	at qa.ma.stepdefinitions.SignUpStepDefs.he_should_be_told_that_the_account_was_not_created(SignUpStepDefs.java:50)
	at ?.he should be told that the account was not created(file:///C:/Users/berdinas/IdeaProjects/test-acceptance-v2/src/test/resources/features/signup.feature:12)
&amp;#27;[0m

    Embedding fbbab950-ecf7-4cc5-8b5b-9cd0859b5d88 [image/png 76388 bytes]

</system-out>
    <system-err>may 04, 2020 1:33:29 PM org.springframework.test.context.support.DefaultTestContextBootstrapper getDefaultTestExecutionListenerClassNames
INFORMACIÓN: Loaded default TestExecutionListener class names from location [META-INF/spring.factories]: [org.springframework.test.context.web.ServletTestExecutionListener, org.springframework.test.context.support.DirtiesContextBeforeModesTestExecutionListener, org.springframework.test.context.support.DependencyInjectionTestExecutionListener, org.springframework.test.context.support.DirtiesContextTestExecutionListener, org.springframework.test.context.transaction.TransactionalTestExecutionListener, org.springframework.test.context.jdbc.SqlScriptsTestExecutionListener]
may 04, 2020 1:33:29 PM org.springframework.test.context.support.DefaultTestContextBootstrapper getTestExecutionListeners
INFORMACIÓN: Using TestExecutionListeners: [org.springframework.test.context.support.DirtiesContextBeforeModesTestExecutionListener@c6e0f32, org.springframework.test.context.support.DependencyInjectionTestExecutionListener@6f3f0fae, org.springframework.test.context.support.DirtiesContextTestExecutionListener@21a66d45]
may 04, 2020 1:33:29 PM org.springframework.beans.factory.support.DefaultListableBeanFactory registerScope
INFORMACIÓN: Replacing scope &apos;cucumber-glue&apos; from [io.cucumber.spring.GlueCodeScope@63fdffcd] to [io.cucumber.spring.GlueCodeScope@7428de63]
[1588610010.817][SEVERE]: Timed out receiving message from renderer: 0.100
[1588610010.919][SEVERE]: Timed out receiving message from renderer: 0.100
[1588610011.021][SEVERE]: Timed out receiving message from renderer: 0.100
[1588610011.123][SEVERE]: Timed out receiving message from renderer: 0.100
[1588610011.224][SEVERE]: Timed out receiving message from renderer: 0.100
[1588610011.326][SEVERE]: Timed out receiving message from renderer: 0.100
[1588610011.427][SEVERE]: Timed out receiving message from renderer: 0.100
[1588610011.528][SEVERE]: Timed out receiving message from renderer: 0.100
[1588610011.630][SEVERE]: Timed out receiving message from renderer: 0.100
[1588610011.732][SEVERE]: Timed out receiving message from renderer: 0.100
[1588610011.833][SEVERE]: Timed out receiving message from renderer: 0.100
[1588610011.935][SEVERE]: Timed out receiving message from renderer: 0.100
[1588610012.037][SEVERE]: Timed out receiving message from renderer: 0.100
[1588610012.139][SEVERE]: Timed out receiving message from renderer: 0.100
[1588610012.241][SEVERE]: Timed out receiving message from renderer: 0.100
[1588610012.343][SEVERE]: Timed out receiving message from renderer: 0.100
[1588610012.445][SEVERE]: Timed out receiving message from renderer: 0.100
[1588610012.547][SEVERE]: Timed out receiving message from renderer: 0.100
[1588610012.649][SEVERE]: Timed out receiving message from renderer: 0.100
[1588610012.751][SEVERE]: Timed out receiving message from renderer: 0.100
[1588610012.852][SEVERE]: Timed out receiving message from renderer: 0.100
[1588610012.954][SEVERE]: Timed out receiving message from renderer: 0.100
[1588610013.057][SEVERE]: Timed out receiving message from renderer: 0.100
[1588610013.158][SEVERE]: Timed out receiving message from renderer: 0.100
[1588610013.260][SEVERE]: Timed out receiving message from renderer: 0.100
[1588610013.361][SEVERE]: Timed out receiving message from renderer: 0.100
[1588610013.464][SEVERE]: Timed out receiving message from renderer: 0.100
[1588610013.566][SEVERE]: Timed out receiving message from renderer: 0.100
[1588610013.667][SEVERE]: Timed out receiving message from renderer: 0.100
[1588610013.771][SEVERE]: Timed out receiving message from renderer: 0.100
[1588610013.873][SEVERE]: Timed out receiving message from renderer: 0.100
[1588610013.975][SEVERE]: Timed out receiving message from renderer: 0.100
[1588610014.077][SEVERE]: Timed out receiving message from renderer: 0.100
[1588610014.181][SEVERE]: Timed out receiving message from renderer: 0.100
[1588610014.284][SEVERE]: Timed out receiving message from renderer: 0.100
[1588610014.386][SEVERE]: Timed out receiving message from renderer: 0.100
[1588610014.489][SEVERE]: Timed out receiving message from renderer: 0.100
[1588610014.593][SEVERE]: Timed out receiving message from renderer: 0.100
[1588610014.697][SEVERE]: Timed out receiving message from renderer: 0.100
[1588610014.802][SEVERE]: Timed out receiving message from renderer: 0.100
[1588610014.906][SEVERE]: Timed out receiving message from renderer: 0.100
[1588610015.010][SEVERE]: Timed out receiving message from renderer: 0.100
[1588610015.114][SEVERE]: Timed out receiving message from renderer: 0.100
[1588610015.218][SEVERE]: Timed out receiving message from renderer: 0.100
[1588610015.320][SEVERE]: Timed out receiving message from renderer: 0.100
[1588610015.425][SEVERE]: Timed out receiving message from renderer: 0.100
[1588610015.528][SEVERE]: Timed out receiving message from renderer: 0.100
[1588610015.632][SEVERE]: Timed out receiving message from renderer: 0.100
[1588610015.736][SEVERE]: Timed out receiving message from renderer: 0.100
[1588610015.839][SEVERE]: Timed out receiving message from renderer: 0.100
[1588610015.943][SEVERE]: Timed out receiving message from renderer: 0.100
[1588610016.047][SEVERE]: Timed out receiving message from renderer: 0.100
[1588610016.152][SEVERE]: Timed out receiving message from renderer: 0.100
[1588610016.256][SEVERE]: Timed out receiving message from renderer: 0.100
[1588610016.360][SEVERE]: Timed out receiving message from renderer: 0.100
[1588610016.463][SEVERE]: Timed out receiving message from renderer: 0.100
[1588610016.567][SEVERE]: Timed out receiving message from renderer: 0.100
[1588610016.671][SEVERE]: Timed out receiving message from renderer: 0.100
[1588610016.774][SEVERE]: Timed out receiving message from renderer: 0.100
[1588610016.878][SEVERE]: Timed out receiving message from renderer: 0.100
</system-err>
  </testcase>
</testsuite>